[ERROR] 2022-04-16 19:11:16.864 [Thread-0] CustomerClient - IOException Occurred
[ERROR] 2022-04-16 19:11:16.876 [Thread-0] CustomerClient - IOException Occurred
[ERROR] 2022-04-16 19:11:16.876 [Thread-0] CustomerClient - IOException Occurred
[ERROR] 2022-04-16 19:11:16.877 [Thread-0] CustomerClient - IOException Occurred
[ERROR] 2022-04-16 19:11:16.878 [Thread-0] CustomerClient - IOException Occurred
[ERROR] 2022-04-16 19:11:16.879 [Thread-0] CustomerClient - IOException Occurred
[ERROR] 2022-04-16 19:11:16.879 [Thread-0] CustomerClient - IOException Occurred
[ERROR] 2022-04-16 19:11:16.880 [Thread-0] CustomerClient - IOException Occurred
[ERROR] 2022-04-16 19:11:16.881 [Thread-0] CustomerClient - IOException Occurred
[ERROR] 2022-04-16 19:11:16.882 [Thread-0] CustomerClient - IOException Occurred
[ERROR] 2022-04-16 19:11:16.883 [Thread-0] CustomerClient - IOException Occurred
[ERROR] 2022-04-16 19:11:16.883 [Thread-0] CustomerClient - IOException Occurred
[ERROR] 2022-04-16 19:11:16.884 [Thread-0] CustomerClient - IOException Occurred
[ERROR] 2022-04-16 19:11:16.884 [Thread-0] CustomerClient - IOException Occurred
[ERROR] 2022-04-16 19:11:16.885 [Thread-0] CustomerClient - IOException Occurred
[ERROR] 2022-04-16 19:11:16.886 [Thread-0] CustomerClient - IOException Occurred
[ERROR] 2022-04-16 19:11:16.886 [Thread-0] CustomerClient - IOException Occurred
[ERROR] 2022-04-16 19:11:16.887 [Thread-0] CustomerClient - IOException Occurred
[ERROR] 2022-04-16 19:11:16.888 [Thread-0] CustomerClient - IOException Occurred
[ERROR] 2022-04-16 19:11:16.888 [Thread-0] CustomerClient - IOException Occurred
[ERROR] 2022-04-16 19:11:16.889 [Thread-0] CustomerClient - IOException Occurred
[ERROR] 2022-04-16 19:11:16.889 [Thread-0] CustomerClient - IOException Occurred
[ERROR] 2022-04-16 19:11:16.890 [Thread-0] CustomerClient - IOException Occurred
[ERROR] 2022-04-16 19:11:16.967 [Thread-1] CustomerClient - IOException Occurred
[ERROR] 2022-04-16 19:11:17.101 [Thread-0] CustomerClient - IOException Occurred
[ERROR] 2022-04-16 19:11:17.102 [Thread-0] CustomerClient - IOException Occurred
[ERROR] 2022-04-16 19:11:17.102 [Thread-1] CustomerClient - IOException Occurred
[ERROR] 2022-04-16 19:11:17.102 [Thread-0] CustomerClient - IOException Occurred
[ERROR] 2022-04-16 19:11:17.103 [Thread-0] CustomerClient - IOException Occurred
[ERROR] 2022-04-16 19:11:17.103 [Thread-0] CustomerClient - IOException Occurred
[ERROR] 2022-04-16 19:11:17.104 [Thread-0] CustomerClient - IOException Occurred
[ERROR] 2022-04-16 19:11:17.104 [Thread-0] CustomerClient - IOException Occurred
[ERROR] 2022-04-16 19:11:17.104 [Thread-0] CustomerClient - IOException Occurred
[ERROR] 2022-04-16 19:11:17.105 [Thread-0] CustomerClient - IOException Occurred
[ERROR] 2022-04-16 19:11:17.105 [Thread-0] CustomerClient - IOException Occurred
[ERROR] 2022-04-16 19:11:17.105 [Thread-0] CustomerClient - IOException Occurred
[ERROR] 2022-04-16 19:11:17.106 [Thread-0] CustomerClient - IOException Occurred
[ERROR] 2022-04-16 19:11:17.107 [Thread-0] CustomerClient - IOException Occurred
[ERROR] 2022-04-16 19:11:17.107 [Thread-0] CustomerClient - IOException Occurred
[ERROR] 2022-04-16 19:11:17.107 [Thread-0] CustomerClient - IOException Occurred
[ERROR] 2022-04-16 19:11:17.107 [Thread-0] CustomerClient - IOException Occurred
[ERROR] 2022-04-16 19:11:17.108 [Thread-0] CustomerClient - IOException Occurred
[ERROR] 2022-04-16 19:11:17.108 [Thread-0] CustomerClient - IOException Occurred
[ERROR] 2022-04-16 19:11:17.109 [Thread-0] CustomerClient - IOException Occurred
[ERROR] 2022-04-16 19:11:17.109 [Thread-0] CustomerClient - IOException Occurred
[ERROR] 2022-04-16 19:11:17.109 [Thread-0] CustomerClient - IOException Occurred
[ERROR] 2022-04-16 19:11:17.110 [Thread-0] CustomerClient - IOException Occurred
[ERROR] 2022-04-16 19:11:17.110 [Thread-0] CustomerClient - IOException Occurred
[ERROR] 2022-04-16 19:11:17.111 [Thread-0] CustomerClient - IOException Occurred
[ERROR] 2022-04-16 19:11:17.111 [Thread-0] CustomerClient - IOException Occurred
[ERROR] 2022-04-16 19:11:17.111 [Thread-0] CustomerClient - IOException Occurred
[ERROR] 2022-04-16 19:11:17.112 [Thread-0] CustomerClient - IOException Occurred
[ERROR] 2022-04-16 19:11:17.114 [Thread-0] CustomerClient - IOException Occurred
[ERROR] 2022-04-16 19:11:17.114 [Thread-0] CustomerClient - IOException Occurred
[ERROR] 2022-04-16 19:11:17.114 [Thread-0] CustomerClient - IOException Occurred
[ERROR] 2022-04-16 19:11:17.115 [Thread-0] CustomerClient - IOException Occurred
[ERROR] 2022-04-16 19:11:17.115 [Thread-0] CustomerClient - IOException Occurred
[ERROR] 2022-04-16 19:11:17.118 [Thread-0] CustomerClient - IOException Occurred
[ERROR] 2022-04-16 19:11:17.119 [Thread-0] CustomerClient - IOException Occurred
[ERROR] 2022-04-16 19:11:17.119 [Thread-0] CustomerClient - IOException Occurred
[ERROR] 2022-04-16 19:11:17.120 [Thread-0] CustomerClient - IOException Occurred
[ERROR] 2022-04-16 19:11:17.122 [Thread-0] CustomerClient - IOException Occurred
[ERROR] 2022-04-16 19:11:17.123 [Thread-0] CustomerClient - IOException Occurred
[ERROR] 2022-04-16 19:11:17.123 [Thread-0] CustomerClient - IOException Occurred
[ERROR] 2022-04-16 19:11:17.125 [Thread-0] CustomerClient - IOException Occurred
[ERROR] 2022-04-16 19:11:17.125 [Thread-0] CustomerClient - IOException Occurred
[ERROR] 2022-04-16 19:11:17.128 [Thread-0] CustomerClient - IOException Occurred
[ERROR] 2022-04-16 19:11:17.130 [Thread-0] CustomerClient - IOException Occurred
[ERROR] 2022-04-16 19:11:17.131 [Thread-0] CustomerClient - IOException Occurred
[ERROR] 2022-04-16 19:11:17.132 [Thread-0] CustomerClient - IOException Occurred
[ERROR] 2022-04-16 19:11:17.132 [Thread-0] CustomerClient - IOException Occurred
[ERROR] 2022-04-16 19:11:17.133 [Thread-0] CustomerClient - IOException Occurred
[ERROR] 2022-04-16 19:11:17.134 [Thread-0] CustomerClient - IOException Occurred
[ERROR] 2022-04-16 19:11:17.134 [Thread-0] CustomerClient - IOException Occurred
[ERROR] 2022-04-16 19:11:17.135 [Thread-0] CustomerClient - IOException Occurred
[ERROR] 2022-04-16 19:11:17.136 [Thread-0] CustomerClient - IOException Occurred
[ERROR] 2022-04-16 19:11:17.138 [Thread-0] CustomerClient - IOException Occurred
[ERROR] 2022-04-16 19:11:17.145 [Thread-0] CustomerClient - IOException Occurred
[ERROR] 2022-04-16 19:11:17.148 [Thread-0] CustomerClient - IOException Occurred
[ERROR] 2022-04-16 19:11:17.149 [Thread-0] CustomerClient - IOException Occurred
[ERROR] 2022-04-16 19:11:17.149 [Thread-0] CustomerClient - IOException Occurred
[ERROR] 2022-04-16 19:11:17.150 [Thread-0] CustomerClient - IOException Occurred
[ERROR] 2022-04-16 19:11:17.150 [Thread-0] CustomerClient - IOException Occurred
[ERROR] 2022-04-16 19:11:17.150 [Thread-0] CustomerClient - IOException Occurred
[ERROR] 2022-04-16 19:11:17.151 [Thread-0] CustomerClient - IOException Occurred
[ERROR] 2022-04-16 19:11:17.151 [Thread-0] CustomerClient - IOException Occurred
[ERROR] 2022-04-16 19:11:17.151 [Thread-0] CustomerClient - IOException Occurred
[ERROR] 2022-04-16 19:11:17.152 [Thread-0] CustomerClient - IOException Occurred
[ERROR] 2022-04-16 19:11:17.153 [Thread-0] CustomerClient - IOException Occurred
[ERROR] 2022-04-16 19:11:17.154 [Thread-0] CustomerClient - IOException Occurred
[ERROR] 2022-04-16 19:11:17.155 [Thread-0] CustomerClient - IOException Occurred
[ERROR] 2022-04-16 19:11:17.156 [Thread-0] CustomerClient - IOException Occurred
[ERROR] 2022-04-16 19:11:17.156 [Thread-0] CustomerClient - IOException Occurred
[ERROR] 2022-04-16 19:11:17.157 [Thread-0] CustomerClient - IOException Occurred
[ERROR] 2022-04-16 19:11:17.157 [Thread-0] CustomerClient - IOException Occurred
[ERROR] 2022-04-16 19:11:17.158 [Thread-0] CustomerClient - IOException Occurred
[ERROR] 2022-04-16 19:11:17.159 [Thread-0] CustomerClient - IOException Occurred
[ERROR] 2022-04-16 19:11:17.160 [Thread-0] CustomerClient - IOException Occurred
[ERROR] 2022-04-16 19:11:17.161 [Thread-0] CustomerClient - IOException Occurred
[ERROR] 2022-04-16 19:11:17.161 [Thread-0] CustomerClient - IOException Occurred
[ERROR] 2022-04-16 19:11:17.164 [Thread-0] CustomerClient - IOException Occurred
[ERROR] 2022-04-16 19:11:17.164 [Thread-0] CustomerClient - IOException Occurred
[ERROR] 2022-04-16 19:11:17.165 [Thread-0] CustomerClient - IOException Occurred
[ERROR] 2022-04-16 19:11:17.166 [Thread-0] CustomerClient - IOException Occurred
[ERROR] 2022-04-16 19:11:17.166 [Thread-0] CustomerClient - IOException Occurred
[ERROR] 2022-04-16 19:11:17.166 [Thread-0] CustomerClient - IOException Occurred
[ERROR] 2022-04-16 19:11:17.167 [Thread-0] CustomerClient - IOException Occurred
[ERROR] 2022-04-16 19:11:17.168 [Thread-0] CustomerClient - IOException Occurred
[ERROR] 2022-04-16 19:11:17.171 [Thread-0] CustomerClient - IOException Occurred
[ERROR] 2022-04-16 19:11:17.172 [Thread-0] CustomerClient - IOException Occurred
[ERROR] 2022-04-16 19:11:17.173 [Thread-0] CustomerClient - IOException Occurred
[ERROR] 2022-04-16 19:11:17.173 [Thread-0] CustomerClient - IOException Occurred
[ERROR] 2022-04-16 19:11:17.174 [Thread-0] CustomerClient - IOException Occurred
[ERROR] 2022-04-16 19:11:17.175 [Thread-0] CustomerClient - IOException Occurred
[ERROR] 2022-04-16 19:11:17.176 [Thread-0] CustomerClient - IOException Occurred
[ERROR] 2022-04-16 19:11:17.176 [Thread-0] CustomerClient - IOException Occurred
[ERROR] 2022-04-16 19:11:17.176 [Thread-0] CustomerClient - IOException Occurred
[ERROR] 2022-04-16 19:11:17.177 [Thread-0] CustomerClient - IOException Occurred
[ERROR] 2022-04-16 19:11:17.177 [Thread-0] CustomerClient - IOException Occurred
[ERROR] 2022-04-16 19:11:17.177 [Thread-0] CustomerClient - IOException Occurred
[ERROR] 2022-04-16 19:11:17.178 [Thread-0] CustomerClient - IOException Occurred
[ERROR] 2022-04-16 19:11:17.178 [Thread-0] CustomerClient - IOException Occurred
[ERROR] 2022-04-16 19:11:17.178 [Thread-0] CustomerClient - IOException Occurred
[ERROR] 2022-04-16 19:11:17.181 [Thread-0] CustomerClient - IOException Occurred
[ERROR] 2022-04-16 19:11:17.181 [Thread-0] CustomerClient - IOException Occurred
[ERROR] 2022-04-16 19:11:17.181 [Thread-0] CustomerClient - IOException Occurred
[ERROR] 2022-04-16 19:11:17.182 [Thread-0] CustomerClient - IOException Occurred
[ERROR] 2022-04-16 19:11:17.182 [Thread-0] CustomerClient - IOException Occurred
[ERROR] 2022-04-16 19:11:17.182 [Thread-0] CustomerClient - IOException Occurred
[ERROR] 2022-04-16 19:11:17.183 [Thread-0] CustomerClient - IOException Occurred
[ERROR] 2022-04-16 19:11:17.183 [Thread-0] CustomerClient - IOException Occurred
[ERROR] 2022-04-16 19:11:17.184 [Thread-0] CustomerClient - IOException Occurred
[ERROR] 2022-04-16 19:11:17.184 [Thread-0] CustomerClient - IOException Occurred
[ERROR] 2022-04-16 19:11:17.184 [Thread-0] CustomerClient - IOException Occurred
[ERROR] 2022-04-16 19:11:17.185 [Thread-0] CustomerClient - IOException Occurred
[ERROR] 2022-04-16 19:11:17.186 [Thread-0] CustomerClient - IOException Occurred
[ERROR] 2022-04-16 19:11:17.186 [Thread-0] CustomerClient - IOException Occurred
[ERROR] 2022-04-16 19:11:17.186 [Thread-0] CustomerClient - IOException Occurred
[ERROR] 2022-04-16 19:11:17.187 [Thread-0] CustomerClient - IOException Occurred
[ERROR] 2022-04-16 19:11:17.187 [Thread-0] CustomerClient - IOException Occurred
[ERROR] 2022-04-16 19:11:17.187 [Thread-0] CustomerClient - IOException Occurred
[ERROR] 2022-04-16 19:11:17.188 [Thread-0] CustomerClient - IOException Occurred
[ERROR] 2022-04-16 19:11:17.188 [Thread-0] CustomerClient - IOException Occurred
[ERROR] 2022-04-16 19:11:17.189 [Thread-0] CustomerClient - IOException Occurred
[ERROR] 2022-04-16 19:11:17.189 [Thread-0] CustomerClient - IOException Occurred
[ERROR] 2022-04-16 19:11:17.189 [Thread-0] CustomerClient - IOException Occurred
[ERROR] 2022-04-16 19:11:17.189 [Thread-0] CustomerClient - IOException Occurred
[ERROR] 2022-04-16 19:11:17.191 [Thread-0] CustomerClient - IOException Occurred
[ERROR] 2022-04-16 19:11:17.191 [Thread-0] CustomerClient - IOException Occurred
[ERROR] 2022-04-16 19:11:17.192 [Thread-0] CustomerClient - IOException Occurred
[ERROR] 2022-04-16 19:11:17.192 [Thread-0] CustomerClient - IOException Occurred
[ERROR] 2022-04-16 19:11:17.193 [Thread-0] CustomerClient - IOException Occurred
[ERROR] 2022-04-16 19:11:17.193 [Thread-0] CustomerClient - IOException Occurred
[ERROR] 2022-04-16 19:11:17.194 [Thread-0] CustomerClient - IOException Occurred
[ERROR] 2022-04-16 19:11:17.194 [Thread-0] CustomerClient - IOException Occurred
[ERROR] 2022-04-16 19:11:17.194 [Thread-0] CustomerClient - IOException Occurred
[ERROR] 2022-04-16 19:11:17.195 [Thread-0] CustomerClient - IOException Occurred
[ERROR] 2022-04-16 19:11:17.196 [Thread-0] CustomerClient - IOException Occurred
[ERROR] 2022-04-16 19:11:17.197 [Thread-0] CustomerClient - IOException Occurred
[ERROR] 2022-04-16 19:11:17.198 [Thread-0] CustomerClient - IOException Occurred
[ERROR] 2022-04-16 19:11:17.199 [Thread-0] CustomerClient - IOException Occurred
[ERROR] 2022-04-16 19:11:17.199 [Thread-0] CustomerClient - IOException Occurred
[ERROR] 2022-04-16 19:11:17.200 [Thread-0] CustomerClient - IOException Occurred
[ERROR] 2022-04-16 19:11:17.200 [Thread-0] CustomerClient - IOException Occurred
[ERROR] 2022-04-16 19:11:17.203 [Thread-0] CustomerClient - IOException Occurred
[ERROR] 2022-04-16 19:11:17.208 [Thread-0] CustomerClient - IOException Occurred
[ERROR] 2022-04-16 19:11:17.209 [Thread-0] CustomerClient - IOException Occurred
[ERROR] 2022-04-16 19:11:17.209 [Thread-0] CustomerClient - IOException Occurred
[ERROR] 2022-04-16 19:11:17.211 [Thread-0] CustomerClient - IOException Occurred
[ERROR] 2022-04-16 19:11:17.211 [Thread-0] CustomerClient - IOException Occurred
[ERROR] 2022-04-16 19:11:17.214 [Thread-0] CustomerClient - IOException Occurred
[ERROR] 2022-04-16 19:11:17.215 [Thread-0] CustomerClient - IOException Occurred
[ERROR] 2022-04-16 19:11:17.216 [Thread-0] CustomerClient - IOException Occurred
[ERROR] 2022-04-16 19:11:17.217 [Thread-0] CustomerClient - IOException Occurred
[ERROR] 2022-04-16 19:11:17.217 [Thread-0] CustomerClient - IOException Occurred
[ERROR] 2022-04-16 19:11:17.217 [Thread-0] CustomerClient - IOException Occurred
[ERROR] 2022-04-16 19:11:17.218 [Thread-0] CustomerClient - IOException Occurred
[ERROR] 2022-04-16 19:11:17.218 [Thread-0] CustomerClient - IOException Occurred
[ERROR] 2022-04-16 19:11:17.218 [Thread-0] CustomerClient - IOException Occurred
[ERROR] 2022-04-16 19:11:17.219 [Thread-0] CustomerClient - IOException Occurred
[ERROR] 2022-04-16 19:11:17.223 [Thread-0] CustomerClient - IOException Occurred
[ERROR] 2022-04-16 19:11:17.224 [Thread-0] CustomerClient - IOException Occurred
[ERROR] 2022-04-16 19:11:17.225 [Thread-0] CustomerClient - IOException Occurred
[ERROR] 2022-04-16 19:11:17.225 [Thread-0] CustomerClient - IOException Occurred
[ERROR] 2022-04-16 19:11:17.226 [Thread-0] CustomerClient - IOException Occurred
[ERROR] 2022-04-16 19:11:17.227 [Thread-0] CustomerClient - IOException Occurred
[ERROR] 2022-04-16 19:11:17.228 [Thread-0] CustomerClient - IOException Occurred
[ERROR] 2022-04-16 19:11:17.229 [Thread-0] CustomerClient - IOException Occurred
[ERROR] 2022-04-16 19:11:17.229 [Thread-0] CustomerClient - IOException Occurred
[ERROR] 2022-04-16 19:11:17.230 [Thread-0] CustomerClient - IOException Occurred
[ERROR] 2022-04-16 19:11:17.232 [Thread-1] CustomerClient - IOException Occurred
[ERROR] 2022-04-16 19:11:17.242 [Thread-1] CustomerClient - IOException Occurred
[ERROR] 2022-04-16 19:11:17.248 [Thread-0] CustomerClient - IOException Occurred
[ERROR] 2022-04-16 19:11:17.249 [Thread-0] CustomerClient - IOException Occurred
[ERROR] 2022-04-16 19:11:17.250 [Thread-0] CustomerClient - IOException Occurred
[ERROR] 2022-04-16 19:11:17.251 [Thread-0] CustomerClient - IOException Occurred
[ERROR] 2022-04-16 19:11:17.251 [Thread-0] CustomerClient - IOException Occurred
[ERROR] 2022-04-16 19:11:17.252 [Thread-0] CustomerClient - IOException Occurred
[ERROR] 2022-04-16 19:11:17.253 [Thread-0] CustomerClient - IOException Occurred
[ERROR] 2022-04-16 19:11:17.255 [Thread-0] CustomerClient - IOException Occurred
[ERROR] 2022-04-16 19:11:17.260 [Thread-0] CustomerClient - IOException Occurred
[ERROR] 2022-04-16 19:11:17.264 [Thread-0] CustomerClient - IOException Occurred
[ERROR] 2022-04-16 19:11:17.265 [Thread-0] CustomerClient - IOException Occurred
[ERROR] 2022-04-16 19:11:17.267 [Thread-0] CustomerClient - IOException Occurred
[ERROR] 2022-04-16 19:11:17.268 [Thread-0] CustomerClient - IOException Occurred
[ERROR] 2022-04-16 19:11:17.268 [Thread-0] CustomerClient - IOException Occurred
[ERROR] 2022-04-16 19:11:17.269 [Thread-0] CustomerClient - IOException Occurred
[ERROR] 2022-04-16 19:11:17.269 [Thread-0] CustomerClient - IOException Occurred
[ERROR] 2022-04-16 19:11:17.270 [Thread-0] CustomerClient - IOException Occurred
[ERROR] 2022-04-16 19:11:17.271 [Thread-0] CustomerClient - IOException Occurred
[ERROR] 2022-04-16 19:11:17.274 [Thread-0] CustomerClient - IOException Occurred
[ERROR] 2022-04-16 19:11:17.277 [Thread-0] CustomerClient - IOException Occurred
[ERROR] 2022-04-16 19:11:17.278 [Thread-0] CustomerClient - IOException Occurred
[ERROR] 2022-04-16 19:11:17.280 [Thread-0] CustomerClient - IOException Occurred
[ERROR] 2022-04-16 19:11:17.281 [Thread-0] CustomerClient - IOException Occurred
[ERROR] 2022-04-16 19:11:17.282 [Thread-0] CustomerClient - IOException Occurred
[ERROR] 2022-04-16 19:11:17.282 [Thread-0] CustomerClient - IOException Occurred
[ERROR] 2022-04-16 19:11:17.283 [Thread-0] CustomerClient - IOException Occurred
[ERROR] 2022-04-16 19:11:17.284 [Thread-0] CustomerClient - IOException Occurred
[ERROR] 2022-04-16 19:11:17.284 [Thread-0] CustomerClient - IOException Occurred
[ERROR] 2022-04-16 19:11:17.284 [Thread-0] CustomerClient - IOException Occurred
[ERROR] 2022-04-16 19:11:17.285 [Thread-0] CustomerClient - IOException Occurred
[ERROR] 2022-04-16 19:11:17.285 [Thread-0] CustomerClient - IOException Occurred
[ERROR] 2022-04-16 19:11:17.286 [Thread-0] CustomerClient - IOException Occurred
[ERROR] 2022-04-16 19:11:17.287 [Thread-0] CustomerClient - IOException Occurred
[ERROR] 2022-04-16 19:11:17.287 [Thread-0] CustomerClient - IOException Occurred
[ERROR] 2022-04-16 19:11:17.288 [Thread-0] CustomerClient - IOException Occurred
[ERROR] 2022-04-16 19:11:17.290 [Thread-0] CustomerClient - IOException Occurred
[ERROR] 2022-04-16 19:11:17.290 [Thread-0] CustomerClient - IOException Occurred
[ERROR] 2022-04-16 19:11:17.291 [Thread-0] CustomerClient - IOException Occurred
[ERROR] 2022-04-16 19:11:17.292 [Thread-0] CustomerClient - IOException Occurred
[ERROR] 2022-04-16 19:11:17.293 [Thread-0] CustomerClient - IOException Occurred
[ERROR] 2022-04-16 19:11:17.294 [Thread-0] CustomerClient - IOException Occurred
[ERROR] 2022-04-16 19:11:17.296 [Thread-0] CustomerClient - IOException Occurred
[ERROR] 2022-04-16 19:11:17.298 [Thread-0] CustomerClient - IOException Occurred
[ERROR] 2022-04-16 19:11:17.298 [Thread-0] CustomerClient - IOException Occurred
[ERROR] 2022-04-16 19:11:17.299 [Thread-0] CustomerClient - IOException Occurred
[ERROR] 2022-04-16 19:11:17.299 [Thread-0] CustomerClient - IOException Occurred
[ERROR] 2022-04-16 19:11:17.301 [Thread-0] CustomerClient - IOException Occurred
[ERROR] 2022-04-16 19:11:17.301 [Thread-0] CustomerClient - IOException Occurred
[ERROR] 2022-04-16 19:11:17.301 [Thread-0] CustomerClient - IOException Occurred
[ERROR] 2022-04-16 19:11:17.302 [Thread-0] CustomerClient - IOException Occurred
[ERROR] 2022-04-16 19:11:17.302 [Thread-0] CustomerClient - IOException Occurred
[ERROR] 2022-04-16 19:11:17.302 [Thread-0] CustomerClient - IOException Occurred
[ERROR] 2022-04-16 19:11:17.303 [Thread-0] CustomerClient - IOException Occurred
[ERROR] 2022-04-16 19:11:17.303 [Thread-0] CustomerClient - IOException Occurred
[ERROR] 2022-04-16 19:11:17.303 [Thread-0] CustomerClient - IOException Occurred
[ERROR] 2022-04-16 19:11:17.304 [Thread-0] CustomerClient - IOException Occurred
[ERROR] 2022-04-16 19:11:17.304 [Thread-0] CustomerClient - IOException Occurred
[ERROR] 2022-04-16 19:11:17.304 [Thread-0] CustomerClient - IOException Occurred
[ERROR] 2022-04-16 19:11:17.305 [Thread-0] CustomerClient - IOException Occurred
[ERROR] 2022-04-16 19:11:17.305 [Thread-0] CustomerClient - IOException Occurred
[ERROR] 2022-04-16 19:11:17.305 [Thread-0] CustomerClient - IOException Occurred
[ERROR] 2022-04-16 19:11:17.306 [Thread-0] CustomerClient - IOException Occurred
[ERROR] 2022-04-16 19:11:17.306 [Thread-0] CustomerClient - IOException Occurred
[ERROR] 2022-04-16 19:11:17.306 [Thread-0] CustomerClient - IOException Occurred
[ERROR] 2022-04-16 19:11:17.306 [Thread-0] CustomerClient - IOException Occurred
[ERROR] 2022-04-16 19:11:17.307 [Thread-0] CustomerClient - IOException Occurred
[ERROR] 2022-04-16 19:11:17.307 [Thread-0] CustomerClient - IOException Occurred
[ERROR] 2022-04-16 19:11:17.307 [Thread-0] CustomerClient - IOException Occurred
[ERROR] 2022-04-16 19:11:17.307 [Thread-0] CustomerClient - IOException Occurred
[ERROR] 2022-04-16 19:11:17.308 [Thread-0] CustomerClient - IOException Occurred
[ERROR] 2022-04-16 19:11:17.308 [Thread-0] CustomerClient - IOException Occurred
[ERROR] 2022-04-16 19:11:17.309 [Thread-0] CustomerClient - IOException Occurred
[ERROR] 2022-04-16 19:11:17.309 [Thread-0] CustomerClient - IOException Occurred
[ERROR] 2022-04-16 19:11:17.310 [Thread-0] CustomerClient - IOException Occurred
[ERROR] 2022-04-16 19:11:17.310 [Thread-0] CustomerClient - IOException Occurred
[ERROR] 2022-04-16 19:11:17.310 [Thread-0] CustomerClient - IOException Occurred
[ERROR] 2022-04-16 19:11:17.311 [Thread-0] CustomerClient - IOException Occurred
[ERROR] 2022-04-16 19:11:17.313 [Thread-0] CustomerClient - IOException Occurred
[ERROR] 2022-04-16 19:11:17.313 [Thread-0] CustomerClient - IOException Occurred
[ERROR] 2022-04-16 19:11:17.314 [Thread-0] CustomerClient - IOException Occurred
[ERROR] 2022-04-16 19:11:17.314 [Thread-0] CustomerClient - IOException Occurred
[ERROR] 2022-04-16 19:11:17.314 [Thread-0] CustomerClient - IOException Occurred
[ERROR] 2022-04-16 19:11:17.315 [Thread-0] CustomerClient - IOException Occurred
[ERROR] 2022-04-16 19:11:17.315 [Thread-0] CustomerClient - IOException Occurred
[ERROR] 2022-04-16 19:11:17.315 [Thread-0] CustomerClient - IOException Occurred
[ERROR] 2022-04-16 19:11:17.316 [Thread-0] CustomerClient - IOException Occurred
[ERROR] 2022-04-16 19:11:17.316 [Thread-0] CustomerClient - IOException Occurred
[ERROR] 2022-04-16 19:11:17.317 [Thread-0] CustomerClient - IOException Occurred
[ERROR] 2022-04-16 19:11:17.317 [Thread-0] CustomerClient - IOException Occurred
[ERROR] 2022-04-16 19:11:17.318 [Thread-0] CustomerClient - IOException Occurred
[ERROR] 2022-04-16 19:11:17.319 [Thread-0] CustomerClient - IOException Occurred
[ERROR] 2022-04-16 19:11:17.320 [Thread-0] CustomerClient - IOException Occurred
[ERROR] 2022-04-16 19:11:17.320 [Thread-0] CustomerClient - IOException Occurred
[ERROR] 2022-04-16 19:11:17.320 [Thread-0] CustomerClient - IOException Occurred
[ERROR] 2022-04-16 19:11:17.320 [Thread-0] CustomerClient - IOException Occurred
[ERROR] 2022-04-16 19:11:17.321 [Thread-0] CustomerClient - IOException Occurred
[ERROR] 2022-04-16 19:11:17.321 [Thread-0] CustomerClient - IOException Occurred
[ERROR] 2022-04-16 19:11:17.321 [Thread-0] CustomerClient - IOException Occurred
[ERROR] 2022-04-16 19:11:17.322 [Thread-0] CustomerClient - IOException Occurred
[ERROR] 2022-04-16 19:11:17.322 [Thread-0] CustomerClient - IOException Occurred
[ERROR] 2022-04-16 19:11:17.322 [Thread-0] CustomerClient - IOException Occurred
[ERROR] 2022-04-16 19:11:17.322 [Thread-0] CustomerClient - IOException Occurred
[ERROR] 2022-04-16 19:11:17.323 [Thread-0] CustomerClient - IOException Occurred
[ERROR] 2022-04-16 19:11:17.323 [Thread-0] CustomerClient - IOException Occurred
[ERROR] 2022-04-16 19:11:17.324 [Thread-0] CustomerClient - IOException Occurred
[ERROR] 2022-04-16 19:11:17.324 [Thread-0] CustomerClient - IOException Occurred
[ERROR] 2022-04-16 19:11:17.324 [Thread-0] CustomerClient - IOException Occurred
[ERROR] 2022-04-16 19:11:17.324 [Thread-0] CustomerClient - IOException Occurred
[ERROR] 2022-04-16 19:11:17.324 [Thread-0] CustomerClient - IOException Occurred
[ERROR] 2022-04-16 19:11:17.325 [Thread-0] CustomerClient - IOException Occurred
[ERROR] 2022-04-16 19:11:17.325 [Thread-0] CustomerClient - IOException Occurred
[ERROR] 2022-04-16 19:11:17.325 [Thread-0] CustomerClient - IOException Occurred
[ERROR] 2022-04-16 19:11:17.326 [Thread-0] CustomerClient - IOException Occurred
[ERROR] 2022-04-16 19:11:17.326 [Thread-0] CustomerClient - IOException Occurred
[ERROR] 2022-04-16 19:11:17.326 [Thread-0] CustomerClient - IOException Occurred
[ERROR] 2022-04-16 19:11:17.327 [Thread-0] CustomerClient - IOException Occurred
[ERROR] 2022-04-16 19:11:17.327 [Thread-0] CustomerClient - IOException Occurred
[ERROR] 2022-04-16 19:11:17.327 [Thread-0] CustomerClient - IOException Occurred
[ERROR] 2022-04-16 19:11:17.328 [Thread-0] CustomerClient - IOException Occurred
[ERROR] 2022-04-16 19:11:17.330 [Thread-0] CustomerClient - IOException Occurred
[ERROR] 2022-04-16 19:11:17.330 [Thread-0] CustomerClient - IOException Occurred
[ERROR] 2022-04-16 19:11:17.331 [Thread-0] CustomerClient - IOException Occurred
[ERROR] 2022-04-16 19:11:17.331 [Thread-0] CustomerClient - IOException Occurred
[ERROR] 2022-04-16 19:11:17.331 [Thread-0] CustomerClient - IOException Occurred
[ERROR] 2022-04-16 19:11:17.332 [Thread-0] CustomerClient - IOException Occurred
[ERROR] 2022-04-16 19:11:17.332 [Thread-0] CustomerClient - IOException Occurred
[ERROR] 2022-04-16 19:11:17.333 [Thread-0] CustomerClient - IOException Occurred
[ERROR] 2022-04-16 19:11:17.333 [Thread-0] CustomerClient - IOException Occurred
[ERROR] 2022-04-16 19:11:17.334 [Thread-0] CustomerClient - IOException Occurred
[ERROR] 2022-04-16 19:11:17.334 [Thread-0] CustomerClient - IOException Occurred
[ERROR] 2022-04-16 19:11:17.335 [Thread-0] CustomerClient - IOException Occurred
[ERROR] 2022-04-16 19:11:17.335 [Thread-0] CustomerClient - IOException Occurred
[ERROR] 2022-04-16 19:11:17.335 [Thread-0] CustomerClient - IOException Occurred
[ERROR] 2022-04-16 19:11:17.336 [Thread-0] CustomerClient - IOException Occurred
[ERROR] 2022-04-16 19:11:17.336 [Thread-0] CustomerClient - IOException Occurred
[ERROR] 2022-04-16 19:11:17.337 [Thread-0] CustomerClient - IOException Occurred
[ERROR] 2022-04-16 19:11:17.337 [Thread-0] CustomerClient - IOException Occurred
[ERROR] 2022-04-16 19:11:17.337 [Thread-0] CustomerClient - IOException Occurred
[ERROR] 2022-04-16 19:11:17.338 [Thread-0] CustomerClient - IOException Occurred
[ERROR] 2022-04-16 19:11:17.338 [Thread-0] CustomerClient - IOException Occurred
[ERROR] 2022-04-16 19:11:17.338 [Thread-0] CustomerClient - IOException Occurred
[ERROR] 2022-04-16 19:11:17.338 [Thread-0] CustomerClient - IOException Occurred
[ERROR] 2022-04-16 19:11:17.339 [Thread-0] CustomerClient - IOException Occurred
[ERROR] 2022-04-16 19:11:17.339 [Thread-0] CustomerClient - IOException Occurred
[ERROR] 2022-04-16 19:11:17.339 [Thread-0] CustomerClient - IOException Occurred
[ERROR] 2022-04-16 19:11:17.339 [Thread-0] CustomerClient - IOException Occurred
[ERROR] 2022-04-16 19:11:17.340 [Thread-0] CustomerClient - IOException Occurred
[ERROR] 2022-04-16 19:11:17.341 [Thread-0] CustomerClient - IOException Occurred
[ERROR] 2022-04-16 19:11:17.341 [Thread-0] CustomerClient - IOException Occurred
[ERROR] 2022-04-16 19:11:17.341 [Thread-0] CustomerClient - IOException Occurred
[ERROR] 2022-04-16 19:11:17.341 [Thread-0] CustomerClient - IOException Occurred
[ERROR] 2022-04-16 19:11:17.342 [Thread-0] CustomerClient - IOException Occurred
[ERROR] 2022-04-16 19:11:17.343 [Thread-0] CustomerClient - IOException Occurred
[ERROR] 2022-04-16 19:11:17.343 [Thread-0] CustomerClient - IOException Occurred
[ERROR] 2022-04-16 19:11:17.343 [Thread-0] CustomerClient - IOException Occurred
[ERROR] 2022-04-16 19:11:17.344 [Thread-0] CustomerClient - IOException Occurred
[ERROR] 2022-04-16 19:11:17.345 [Thread-0] CustomerClient - IOException Occurred
[ERROR] 2022-04-16 19:11:17.346 [Thread-0] CustomerClient - IOException Occurred
[ERROR] 2022-04-16 19:11:17.346 [Thread-0] CustomerClient - IOException Occurred
[ERROR] 2022-04-16 19:11:17.347 [Thread-0] CustomerClient - IOException Occurred
[ERROR] 2022-04-16 19:11:17.347 [Thread-0] CustomerClient - IOException Occurred
[ERROR] 2022-04-16 19:11:17.347 [Thread-0] CustomerClient - IOException Occurred
[ERROR] 2022-04-16 19:11:17.347 [Thread-0] CustomerClient - IOException Occurred
[ERROR] 2022-04-16 19:11:17.348 [Thread-0] CustomerClient - IOException Occurred
[ERROR] 2022-04-16 19:11:17.348 [Thread-0] CustomerClient - IOException Occurred
[ERROR] 2022-04-16 19:11:17.348 [Thread-0] CustomerClient - IOException Occurred
[ERROR] 2022-04-16 19:11:17.349 [Thread-0] CustomerClient - IOException Occurred
[ERROR] 2022-04-16 19:11:17.349 [Thread-0] CustomerClient - IOException Occurred
[ERROR] 2022-04-16 19:11:17.350 [Thread-0] CustomerClient - IOException Occurred
[ERROR] 2022-04-16 19:11:17.350 [Thread-0] CustomerClient - IOException Occurred
[ERROR] 2022-04-16 19:11:17.350 [Thread-0] CustomerClient - IOException Occurred
[ERROR] 2022-04-16 19:11:17.351 [Thread-0] CustomerClient - IOException Occurred
[ERROR] 2022-04-16 19:11:17.351 [Thread-0] CustomerClient - IOException Occurred
[ERROR] 2022-04-16 19:11:17.351 [Thread-0] CustomerClient - IOException Occurred
[ERROR] 2022-04-16 19:11:17.352 [Thread-0] CustomerClient - IOException Occurred
[ERROR] 2022-04-16 19:11:17.352 [Thread-0] CustomerClient - IOException Occurred
[ERROR] 2022-04-16 19:11:17.352 [Thread-0] CustomerClient - IOException Occurred
[ERROR] 2022-04-16 19:11:17.352 [Thread-0] CustomerClient - IOException Occurred
[ERROR] 2022-04-16 19:11:17.353 [Thread-0] CustomerClient - IOException Occurred
[ERROR] 2022-04-16 19:11:17.353 [Thread-0] CustomerClient - IOException Occurred
[ERROR] 2022-04-16 19:11:17.354 [Thread-0] CustomerClient - IOException Occurred
[ERROR] 2022-04-16 19:11:17.354 [Thread-0] CustomerClient - IOException Occurred
[ERROR] 2022-04-16 19:11:17.354 [Thread-0] CustomerClient - IOException Occurred
[ERROR] 2022-04-16 19:11:17.355 [Thread-0] CustomerClient - IOException Occurred
[ERROR] 2022-04-16 19:11:17.355 [Thread-0] CustomerClient - IOException Occurred
[ERROR] 2022-04-16 19:11:17.355 [Thread-0] CustomerClient - IOException Occurred
[ERROR] 2022-04-16 19:11:17.356 [Thread-0] CustomerClient - IOException Occurred
[ERROR] 2022-04-16 19:11:17.356 [Thread-0] CustomerClient - IOException Occurred
[ERROR] 2022-04-16 19:11:17.356 [Thread-0] CustomerClient - IOException Occurred
[ERROR] 2022-04-16 19:11:17.357 [Thread-0] CustomerClient - IOException Occurred
[ERROR] 2022-04-16 19:11:17.357 [Thread-0] CustomerClient - IOException Occurred
[ERROR] 2022-04-16 19:11:17.357 [Thread-0] CustomerClient - IOException Occurred
[ERROR] 2022-04-16 19:11:17.358 [Thread-0] CustomerClient - IOException Occurred
[ERROR] 2022-04-16 19:11:17.358 [Thread-0] CustomerClient - IOException Occurred
[ERROR] 2022-04-16 19:11:17.358 [Thread-0] CustomerClient - IOException Occurred
[ERROR] 2022-04-16 19:11:17.359 [Thread-0] CustomerClient - IOException Occurred
[ERROR] 2022-04-16 19:11:17.359 [Thread-0] CustomerClient - IOException Occurred
[ERROR] 2022-04-16 19:11:17.359 [Thread-0] CustomerClient - IOException Occurred
[ERROR] 2022-04-16 19:11:17.359 [Thread-0] CustomerClient - IOException Occurred
[ERROR] 2022-04-16 19:11:17.360 [Thread-0] CustomerClient - IOException Occurred
[ERROR] 2022-04-16 19:11:17.361 [Thread-0] CustomerClient - IOException Occurred
[ERROR] 2022-04-16 19:11:17.363 [Thread-0] CustomerClient - IOException Occurred
[ERROR] 2022-04-16 19:11:17.364 [Thread-0] CustomerClient - IOException Occurred
[ERROR] 2022-04-16 19:11:17.364 [Thread-0] CustomerClient - IOException Occurred
[ERROR] 2022-04-16 19:11:17.364 [Thread-0] CustomerClient - IOException Occurred
[ERROR] 2022-04-16 19:11:17.365 [Thread-0] CustomerClient - IOException Occurred
[ERROR] 2022-04-16 19:11:17.365 [Thread-0] CustomerClient - IOException Occurred
[ERROR] 2022-04-16 19:11:17.366 [Thread-0] CustomerClient - IOException Occurred
[ERROR] 2022-04-16 19:11:17.367 [Thread-0] CustomerClient - IOException Occurred
[ERROR] 2022-04-16 19:11:17.367 [Thread-1] CustomerClient - IOException Occurred
[ERROR] 2022-04-16 19:11:17.368 [Thread-1] CustomerClient - IOException Occurred
[ERROR] 2022-04-16 19:11:17.368 [Thread-0] CustomerClient - IOException Occurred
[ERROR] 2022-04-16 19:11:17.369 [Thread-0] CustomerClient - IOException Occurred
[ERROR] 2022-04-16 19:11:17.370 [Thread-0] CustomerClient - IOException Occurred
[ERROR] 2022-04-16 19:11:17.372 [Thread-0] CustomerClient - IOException Occurred
[ERROR] 2022-04-16 19:11:17.373 [Thread-0] CustomerClient - IOException Occurred
[ERROR] 2022-04-16 19:11:17.374 [Thread-0] CustomerClient - IOException Occurred
[ERROR] 2022-04-16 19:11:17.375 [Thread-0] CustomerClient - IOException Occurred
[ERROR] 2022-04-16 19:11:17.376 [Thread-0] CustomerClient - IOException Occurred
[ERROR] 2022-04-16 19:11:17.376 [Thread-0] CustomerClient - IOException Occurred
[ERROR] 2022-04-16 19:11:17.377 [Thread-0] CustomerClient - IOException Occurred
[ERROR] 2022-04-16 19:11:17.377 [Thread-0] CustomerClient - IOException Occurred
[ERROR] 2022-04-16 19:11:17.380 [Thread-0] CustomerClient - IOException Occurred
[ERROR] 2022-04-16 19:11:17.380 [Thread-0] CustomerClient - IOException Occurred
[ERROR] 2022-04-16 19:11:17.381 [Thread-0] CustomerClient - IOException Occurred
[ERROR] 2022-04-16 19:11:17.383 [Thread-0] CustomerClient - IOException Occurred
[ERROR] 2022-04-16 19:11:17.384 [Thread-0] CustomerClient - IOException Occurred
[ERROR] 2022-04-16 19:11:17.384 [Thread-0] CustomerClient - IOException Occurred
[ERROR] 2022-04-16 19:11:17.385 [Thread-0] CustomerClient - IOException Occurred
[ERROR] 2022-04-16 19:11:17.385 [Thread-0] CustomerClient - IOException Occurred
[ERROR] 2022-04-16 19:11:17.385 [Thread-0] CustomerClient - IOException Occurred
[ERROR] 2022-04-16 19:11:17.386 [Thread-0] CustomerClient - IOException Occurred
[ERROR] 2022-04-16 19:11:17.386 [Thread-0] CustomerClient - IOException Occurred
[ERROR] 2022-04-16 19:11:17.386 [Thread-0] CustomerClient - IOException Occurred
[ERROR] 2022-04-16 19:11:17.386 [Thread-0] CustomerClient - IOException Occurred
[ERROR] 2022-04-16 19:11:17.387 [Thread-0] CustomerClient - IOException Occurred
[ERROR] 2022-04-16 19:11:17.387 [Thread-0] CustomerClient - IOException Occurred
[ERROR] 2022-04-16 19:11:17.387 [Thread-0] CustomerClient - IOException Occurred
[ERROR] 2022-04-16 19:11:17.387 [Thread-0] CustomerClient - IOException Occurred
[ERROR] 2022-04-16 19:11:17.388 [Thread-0] CustomerClient - IOException Occurred
[ERROR] 2022-04-16 19:11:17.388 [Thread-0] CustomerClient - IOException Occurred
[ERROR] 2022-04-16 19:11:17.388 [Thread-0] CustomerClient - IOException Occurred
[ERROR] 2022-04-16 19:11:17.389 [Thread-0] CustomerClient - IOException Occurred
[ERROR] 2022-04-16 19:11:17.389 [Thread-0] CustomerClient - IOException Occurred
[ERROR] 2022-04-16 19:11:17.389 [Thread-0] CustomerClient - IOException Occurred
[ERROR] 2022-04-16 19:11:17.389 [Thread-0] CustomerClient - IOException Occurred
[ERROR] 2022-04-16 19:11:17.389 [Thread-0] CustomerClient - IOException Occurred
[ERROR] 2022-04-16 19:11:17.390 [Thread-0] CustomerClient - IOException Occurred
[ERROR] 2022-04-16 19:11:17.390 [Thread-0] CustomerClient - IOException Occurred
[ERROR] 2022-04-16 19:11:17.390 [Thread-0] CustomerClient - IOException Occurred
[ERROR] 2022-04-16 19:11:17.390 [Thread-0] CustomerClient - IOException Occurred
[ERROR] 2022-04-16 19:11:17.391 [Thread-0] CustomerClient - IOException Occurred
[ERROR] 2022-04-16 19:11:17.391 [Thread-0] CustomerClient - IOException Occurred
[ERROR] 2022-04-16 19:11:17.391 [Thread-0] CustomerClient - IOException Occurred
[INFO ] 2022-04-16 19:18:20.038 [AWT-EventQueue-0] CustomerClient - Customer Object Sent
[INFO ] 2022-04-16 19:18:35.004 [AWT-EventQueue-0] CustomerClient - Customer Authenticated
[ERROR] 2022-04-16 19:19:12.507 [Thread-0] CustomerClient - ClassCastException Occurred
[INFO ] 2022-04-16 19:28:29.819 [AWT-EventQueue-0] CustomerClient - Customer Object Sent
[INFO ] 2022-04-16 19:28:40.730 [AWT-EventQueue-0] CustomerClient - Customer Authenticated
[INFO ] 2022-04-16 19:58:55.459 [AWT-EventQueue-0] CustomerClient - Customer Object Sent
[INFO ] 2022-04-16 19:59:06.601 [AWT-EventQueue-0] CustomerClient - Customer Authenticated
[INFO ] 2022-04-16 20:13:09.853 [AWT-EventQueue-0] CustomerClient - Customer Object Sent
[INFO ] 2022-04-16 20:13:20.773 [AWT-EventQueue-0] CustomerClient - Customer Authenticated
[INFO ] 2022-04-16 20:19:08.056 [AWT-EventQueue-0] CustomerClient - Customer Object Sent
[INFO ] 2022-04-16 20:19:08.148 [AWT-EventQueue-0] CustomerClient - Customer Authenticated
[INFO ] 2022-04-16 20:22:11.674 [AWT-EventQueue-0] CustomerClient - Customer Object Sent
[INFO ] 2022-04-16 20:22:11.811 [AWT-EventQueue-0] CustomerClient - Customer Authenticated
[INFO ] 2022-04-16 20:23:37.312 [AWT-EventQueue-0] CustomerClient - Customer Object Sent
[INFO ] 2022-04-16 20:23:54.055 [AWT-EventQueue-0] CustomerClient - Customer Authenticated
[INFO ] 2022-04-16 20:37:24.066 [AWT-EventQueue-0] CustomerClient - Customer Object Sent
[INFO ] 2022-04-16 20:37:31.622 [AWT-EventQueue-0] CustomerClient - Customer Authenticated
[INFO ] 2022-04-16 20:45:16.737 [AWT-EventQueue-0] CustomerClient - Customer Object Sent
[INFO ] 2022-04-16 20:45:16.819 [AWT-EventQueue-0] CustomerClient - Customer Authenticated
[INFO ] 2022-04-16 20:46:44.789 [AWT-EventQueue-0] CustomerClient - Customer Object Sent
[INFO ] 2022-04-16 20:46:44.935 [AWT-EventQueue-0] CustomerClient - Customer Authenticated
[INFO ] 2022-04-16 20:48:44.088 [AWT-EventQueue-0] CustomerClient - Customer Object Sent
[INFO ] 2022-04-16 20:48:44.201 [AWT-EventQueue-0] CustomerClient - Customer Authenticated
[INFO ] 2022-04-16 20:54:31.344 [AWT-EventQueue-0] CustomerClient - Customer Object Sent
[INFO ] 2022-04-16 20:54:31.611 [AWT-EventQueue-0] CustomerClient - Customer Authenticated
[INFO ] 2022-04-16 20:57:32.932 [AWT-EventQueue-0] CustomerClient - Customer Object Sent
[INFO ] 2022-04-16 20:57:33.427 [AWT-EventQueue-0] CustomerClient - Customer Authenticated
[INFO ] 2022-04-16 20:59:51.424 [AWT-EventQueue-0] CustomerClient - Customer Object Sent
[INFO ] 2022-04-16 21:00:12.298 [AWT-EventQueue-0] CustomerClient - Customer Authenticated
[INFO ] 2022-04-16 21:02:20.606 [AWT-EventQueue-0] CustomerClient - Customer Object Sent
[INFO ] 2022-04-16 21:02:20.643 [AWT-EventQueue-0] CustomerClient - Customer Authenticated
[INFO ] 2022-04-16 21:07:03.767 [AWT-EventQueue-0] CustomerClient - Customer Object Sent
[INFO ] 2022-04-16 21:07:03.840 [AWT-EventQueue-0] CustomerClient - Customer Authenticated
[INFO ] 2022-04-16 21:08:27.900 [AWT-EventQueue-0] CustomerClient - Customer Object Sent
[INFO ] 2022-04-16 21:08:27.962 [AWT-EventQueue-0] CustomerClient - Customer Authenticated
[INFO ] 2022-04-16 21:09:53.193 [AWT-EventQueue-0] CustomerClient - Customer Object Sent
[INFO ] 2022-04-16 21:10:15.493 [AWT-EventQueue-0] CustomerClient - Customer Authenticated
[INFO ] 2022-04-16 21:13:50.556 [AWT-EventQueue-0] CustomerClient - Customer Object Sent
[INFO ] 2022-04-16 21:13:54.951 [AWT-EventQueue-0] CustomerClient - Customer Authenticated
[INFO ] 2022-04-16 21:16:56.808 [AWT-EventQueue-0] CustomerClient - Customer Object Sent
[INFO ] 2022-04-16 21:17:01.126 [AWT-EventQueue-0] CustomerClient - Customer Authenticated
[INFO ] 2022-04-16 21:19:43.881 [AWT-EventQueue-0] CustomerClient - Customer Object Sent
[INFO ] 2022-04-16 21:19:48.023 [AWT-EventQueue-0] CustomerClient - Customer Authenticated
[INFO ] 2022-04-16 21:24:39.530 [AWT-EventQueue-0] CustomerClient - Customer Object Sent
[INFO ] 2022-04-16 21:24:43.887 [AWT-EventQueue-0] CustomerClient - Customer Authenticated
[ERROR] 2022-04-16 21:25:30.409 [Thread-1] CustomerClient - IOException Occurred
[ERROR] 2022-04-16 21:25:30.412 [Thread-1] CustomerClient - IOException Occurred
[ERROR] 2022-04-16 21:25:30.504 [Thread-1] CustomerClient - IOException Occurred
[ERROR] 2022-04-16 21:25:30.616 [Thread-1] CustomerClient - IOException Occurred
[ERROR] 2022-04-16 21:25:30.818 [Thread-1] CustomerClient - IOException Occurred
[ERROR] 2022-04-16 21:25:30.919 [Thread-1] CustomerClient - IOException Occurred
[ERROR] 2022-04-16 21:25:31.023 [Thread-1] CustomerClient - IOException Occurred
[ERROR] 2022-04-16 21:25:31.154 [Thread-1] CustomerClient - IOException Occurred
[ERROR] 2022-04-16 21:25:31.155 [Thread-1] CustomerClient - IOException Occurred
[ERROR] 2022-04-16 21:25:31.259 [Thread-1] CustomerClient - IOException Occurred
[ERROR] 2022-04-16 21:25:31.263 [Thread-1] CustomerClient - IOException Occurred
[ERROR] 2022-04-16 21:25:31.369 [Thread-1] CustomerClient - IOException Occurred
[ERROR] 2022-04-16 21:25:31.370 [Thread-1] CustomerClient - IOException Occurred
[ERROR] 2022-04-16 21:25:31.493 [Thread-1] CustomerClient - IOException Occurred
[ERROR] 2022-04-16 21:25:31.498 [Thread-1] CustomerClient - IOException Occurred
[ERROR] 2022-04-16 21:25:31.621 [Thread-1] CustomerClient - IOException Occurred
[ERROR] 2022-04-16 21:25:31.622 [Thread-1] CustomerClient - IOException Occurred
[ERROR] 2022-04-16 21:25:31.750 [Thread-1] CustomerClient - IOException Occurred
[ERROR] 2022-04-16 21:25:31.751 [Thread-1] CustomerClient - IOException Occurred
[ERROR] 2022-04-16 21:25:31.879 [Thread-1] CustomerClient - IOException Occurred
[ERROR] 2022-04-16 21:25:31.884 [Thread-1] CustomerClient - IOException Occurred
[ERROR] 2022-04-16 21:25:32.009 [Thread-1] CustomerClient - IOException Occurred
[ERROR] 2022-04-16 21:25:32.010 [Thread-1] CustomerClient - IOException Occurred
[ERROR] 2022-04-16 21:25:32.152 [Thread-1] CustomerClient - IOException Occurred
[ERROR] 2022-04-16 21:25:32.159 [Thread-1] CustomerClient - IOException Occurred
[ERROR] 2022-04-16 21:25:32.277 [Thread-1] CustomerClient - IOException Occurred
[ERROR] 2022-04-16 21:25:32.278 [Thread-1] CustomerClient - IOException Occurred
[ERROR] 2022-04-16 21:25:32.404 [Thread-1] CustomerClient - IOException Occurred
[ERROR] 2022-04-16 21:25:32.413 [Thread-1] CustomerClient - IOException Occurred
[ERROR] 2022-04-16 21:25:32.552 [Thread-1] CustomerClient - IOException Occurred
[ERROR] 2022-04-16 21:25:32.552 [Thread-1] CustomerClient - IOException Occurred
[ERROR] 2022-04-16 21:25:32.685 [Thread-1] CustomerClient - IOException Occurred
[ERROR] 2022-04-16 21:25:32.691 [Thread-1] CustomerClient - IOException Occurred
[ERROR] 2022-04-16 21:25:32.807 [Thread-1] CustomerClient - IOException Occurred
[ERROR] 2022-04-16 21:25:32.816 [Thread-1] CustomerClient - IOException Occurred
[ERROR] 2022-04-16 21:25:32.950 [Thread-1] CustomerClient - IOException Occurred
[ERROR] 2022-04-16 21:25:32.954 [Thread-1] CustomerClient - IOException Occurred
[ERROR] 2022-04-16 21:25:33.078 [Thread-1] CustomerClient - IOException Occurred
[ERROR] 2022-04-16 21:25:33.079 [Thread-1] CustomerClient - IOException Occurred
[ERROR] 2022-04-16 21:25:33.220 [Thread-1] CustomerClient - IOException Occurred
[ERROR] 2022-04-16 21:25:33.221 [Thread-1] CustomerClient - IOException Occurred
[ERROR] 2022-04-16 21:25:33.349 [Thread-1] CustomerClient - IOException Occurred
[ERROR] 2022-04-16 21:25:33.352 [Thread-1] CustomerClient - IOException Occurred
[ERROR] 2022-04-16 21:25:33.476 [Thread-1] CustomerClient - IOException Occurred
[ERROR] 2022-04-16 21:25:33.477 [Thread-1] CustomerClient - IOException Occurred
[ERROR] 2022-04-16 21:25:33.620 [Thread-1] CustomerClient - IOException Occurred
[ERROR] 2022-04-16 21:25:33.624 [Thread-1] CustomerClient - IOException Occurred
[ERROR] 2022-04-16 21:25:33.761 [Thread-1] CustomerClient - IOException Occurred
[ERROR] 2022-04-16 21:25:33.762 [Thread-1] CustomerClient - IOException Occurred
[ERROR] 2022-04-16 21:25:33.880 [Thread-1] CustomerClient - IOException Occurred
[ERROR] 2022-04-16 21:25:33.882 [Thread-1] CustomerClient - IOException Occurred
[ERROR] 2022-04-16 21:25:34.004 [Thread-1] CustomerClient - IOException Occurred
[ERROR] 2022-04-16 21:25:34.006 [Thread-1] CustomerClient - IOException Occurred
[ERROR] 2022-04-16 21:25:34.151 [Thread-1] CustomerClient - IOException Occurred
[ERROR] 2022-04-16 21:25:34.152 [Thread-1] CustomerClient - IOException Occurred
[ERROR] 2022-04-16 21:25:34.285 [Thread-1] CustomerClient - IOException Occurred
[ERROR] 2022-04-16 21:25:34.293 [Thread-1] CustomerClient - IOException Occurred
[ERROR] 2022-04-16 21:25:34.408 [Thread-1] CustomerClient - IOException Occurred
[ERROR] 2022-04-16 21:25:34.408 [Thread-1] CustomerClient - IOException Occurred
[ERROR] 2022-04-16 21:25:34.549 [Thread-1] CustomerClient - IOException Occurred
[ERROR] 2022-04-16 21:25:34.550 [Thread-1] CustomerClient - IOException Occurred
[ERROR] 2022-04-16 21:25:34.700 [Thread-1] CustomerClient - IOException Occurred
[ERROR] 2022-04-16 21:25:34.925 [Thread-1] CustomerClient - IOException Occurred
[ERROR] 2022-04-16 21:25:35.007 [Thread-1] CustomerClient - IOException Occurred
[ERROR] 2022-04-16 21:25:35.024 [Thread-1] CustomerClient - IOException Occurred
[ERROR] 2022-04-16 21:25:35.122 [Thread-1] CustomerClient - IOException Occurred
[ERROR] 2022-04-16 21:25:35.124 [Thread-1] CustomerClient - IOException Occurred
[ERROR] 2022-04-16 21:25:35.272 [Thread-1] CustomerClient - IOException Occurred
[ERROR] 2022-04-16 21:25:35.273 [Thread-1] CustomerClient - IOException Occurred
[ERROR] 2022-04-16 21:25:35.366 [Thread-1] CustomerClient - IOException Occurred
[ERROR] 2022-04-16 21:25:35.367 [Thread-1] CustomerClient - IOException Occurred
[ERROR] 2022-04-16 21:25:35.479 [Thread-1] CustomerClient - IOException Occurred
[ERROR] 2022-04-16 21:25:35.488 [Thread-1] CustomerClient - IOException Occurred
[ERROR] 2022-04-16 21:25:35.636 [Thread-1] CustomerClient - IOException Occurred
[ERROR] 2022-04-16 21:25:35.649 [Thread-1] CustomerClient - IOException Occurred
[ERROR] 2022-04-16 21:25:35.751 [Thread-1] CustomerClient - IOException Occurred
[ERROR] 2022-04-16 21:25:35.759 [Thread-1] CustomerClient - IOException Occurred
[ERROR] 2022-04-16 21:25:35.910 [Thread-1] CustomerClient - IOException Occurred
[ERROR] 2022-04-16 21:25:35.911 [Thread-1] CustomerClient - IOException Occurred
[ERROR] 2022-04-16 21:25:36.017 [Thread-1] CustomerClient - IOException Occurred
[ERROR] 2022-04-16 21:25:36.025 [Thread-1] CustomerClient - IOException Occurred
[ERROR] 2022-04-16 21:25:36.165 [Thread-1] CustomerClient - IOException Occurred
[ERROR] 2022-04-16 21:25:36.198 [Thread-1] CustomerClient - IOException Occurred
[ERROR] 2022-04-16 21:25:36.300 [Thread-1] CustomerClient - IOException Occurred
[ERROR] 2022-04-16 21:25:36.310 [Thread-1] CustomerClient - IOException Occurred
[ERROR] 2022-04-16 21:25:36.443 [Thread-1] CustomerClient - IOException Occurred
[ERROR] 2022-04-16 21:25:36.444 [Thread-1] CustomerClient - IOException Occurred
[ERROR] 2022-04-16 21:25:36.562 [Thread-1] CustomerClient - IOException Occurred
[ERROR] 2022-04-16 21:25:36.562 [Thread-1] CustomerClient - IOException Occurred
[ERROR] 2022-04-16 21:25:36.724 [Thread-1] CustomerClient - IOException Occurred
[ERROR] 2022-04-16 21:25:36.748 [Thread-1] CustomerClient - IOException Occurred
[ERROR] 2022-04-16 21:25:36.841 [Thread-1] CustomerClient - IOException Occurred
[ERROR] 2022-04-16 21:25:36.908 [Thread-1] CustomerClient - IOException Occurred
[ERROR] 2022-04-16 21:25:37.062 [Thread-1] CustomerClient - IOException Occurred
[ERROR] 2022-04-16 21:25:37.068 [Thread-1] CustomerClient - IOException Occurred
[INFO ] 2022-04-16 21:35:05.247 [AWT-EventQueue-0] CustomerClient - Customer Object Sent
[INFO ] 2022-04-16 21:35:13.538 [AWT-EventQueue-0] CustomerClient - Customer Authenticated
[INFO ] 2022-04-16 21:38:53.959 [AWT-EventQueue-0] CustomerClient - Customer Object Sent
[INFO ] 2022-04-16 21:38:58.464 [AWT-EventQueue-0] CustomerClient - Customer Authenticated
[INFO ] 2022-04-16 21:40:44.867 [AWT-EventQueue-0] CustomerClient - Customer Object Sent
[INFO ] 2022-04-16 21:40:49.732 [AWT-EventQueue-0] CustomerClient - Customer Authenticated
[INFO ] 2022-04-16 21:42:07.687 [AWT-EventQueue-0] CustomerClient - Customer Object Sent
[INFO ] 2022-04-16 21:42:12.078 [AWT-EventQueue-0] CustomerClient - Customer Authenticated
[INFO ] 2022-04-16 21:43:26.019 [AWT-EventQueue-0] CustomerClient - Customer Object Sent
[INFO ] 2022-04-16 21:43:30.247 [AWT-EventQueue-0] CustomerClient - Customer Authenticated
[INFO ] 2022-04-16 21:44:19.083 [AWT-EventQueue-0] CustomerClient - Customer Object Sent
[INFO ] 2022-04-16 21:44:19.126 [AWT-EventQueue-0] CustomerClient - Customer Authenticated
[INFO ] 2022-04-16 21:45:28.576 [AWT-EventQueue-0] CustomerClient - Customer Object Sent
[INFO ] 2022-04-16 21:45:28.626 [AWT-EventQueue-0] CustomerClient - Customer Authenticated
[INFO ] 2022-04-16 21:48:11.613 [AWT-EventQueue-0] CustomerClient - Customer Object Sent
[INFO ] 2022-04-16 21:48:16.580 [AWT-EventQueue-0] CustomerClient - Customer Authenticated
[ERROR] 2022-04-16 21:48:37.720 [Thread-1] CustomerClient - IOException Occurred
[ERROR] 2022-04-16 21:48:37.836 [Thread-1] CustomerClient - IOException Occurred
[ERROR] 2022-04-16 21:48:37.960 [Thread-1] CustomerClient - IOException Occurred
[ERROR] 2022-04-16 21:48:38.089 [Thread-1] CustomerClient - IOException Occurred
[ERROR] 2022-04-16 21:48:38.264 [Thread-1] CustomerClient - IOException Occurred
[ERROR] 2022-04-16 21:48:38.339 [Thread-1] CustomerClient - IOException Occurred
[ERROR] 2022-04-16 21:48:38.478 [Thread-1] CustomerClient - IOException Occurred
[ERROR] 2022-04-16 21:48:38.705 [Thread-1] CustomerClient - IOException Occurred
[ERROR] 2022-04-16 21:48:38.710 [Thread-1] CustomerClient - IOException Occurred
[ERROR] 2022-04-16 21:48:38.756 [Thread-1] CustomerClient - IOException Occurred
[ERROR] 2022-04-16 21:48:38.757 [Thread-1] CustomerClient - IOException Occurred
[ERROR] 2022-04-16 21:48:38.873 [Thread-1] CustomerClient - IOException Occurred
[ERROR] 2022-04-16 21:48:38.873 [Thread-1] CustomerClient - IOException Occurred
[ERROR] 2022-04-16 21:48:39.009 [Thread-1] CustomerClient - IOException Occurred
[ERROR] 2022-04-16 21:48:39.010 [Thread-1] CustomerClient - IOException Occurred
[ERROR] 2022-04-16 21:48:39.126 [Thread-1] CustomerClient - IOException Occurred
